{"/Users/samsonyu/Documents/React Applications/react-native-Point-Of-Sale/App.js": {"path":"/Users/samsonyu/Documents/React Applications/react-native-Point-Of-Sale/App.js","statementMap":{"0":{"start":{"line":12,"column":18},"end":{"line":12,"column":40}},"1":{"start":{"line":16,"column":4},"end":{"line":27,"column":6}}},"fnMap":{"0":{"name":"(anonymous_0)","decl":{"start":{"line":15,"column":2},"end":{"line":15,"column":3}},"loc":{"start":{"line":15,"column":11},"end":{"line":28,"column":3}},"line":15}},"branchMap":{},"s":{"0":0,"1":0},"f":{"0":0},"b":{}}
,"/Users/samsonyu/Documents/React Applications/react-native-Point-Of-Sale/Fonts.js": {"path":"/Users/samsonyu/Documents/React Applications/react-native-Point-Of-Sale/Fonts.js","statementMap":{"0":{"start":{"line":1,"column":19},"end":{"line":23,"column":3}}},"fnMap":{},"branchMap":{},"s":{"0":1},"f":{},"b":{},"_coverageSchema":"1a1c01bbd47fc00a2c39e90264f33305004495a9","hash":"28381bc73daa0a79642ff7a087fb2c47b9f51ee0"}
,"/Users/samsonyu/Documents/React Applications/react-native-Point-Of-Sale/Secret.js": {"path":"/Users/samsonyu/Documents/React Applications/react-native-Point-Of-Sale/Secret.js","statementMap":{"0":{"start":{"line":2,"column":15},"end":{"line":6,"column":1}}},"fnMap":{},"branchMap":{},"s":{"0":1},"f":{},"b":{},"_coverageSchema":"1a1c01bbd47fc00a2c39e90264f33305004495a9","hash":"2f7c64ff819297878752fc0b2e2f02a28c291121"}
,"/Users/samsonyu/Documents/React Applications/react-native-Point-Of-Sale/Theme.js": {"path":"/Users/samsonyu/Documents/React Applications/react-native-Point-Of-Sale/Theme.js","statementMap":{"0":{"start":{"line":5,"column":14},"end":{"line":20,"column":1}}},"fnMap":{},"branchMap":{},"s":{"0":1},"f":{},"b":{},"_coverageSchema":"1a1c01bbd47fc00a2c39e90264f33305004495a9","hash":"4693b162761daab288ff358f73a67032ab0c52d7"}
,"/Users/samsonyu/Documents/React Applications/react-native-Point-Of-Sale/webpack.config.js": {"path":"/Users/samsonyu/Documents/React Applications/react-native-Point-Of-Sale/webpack.config.js","statementMap":{"0":{"start":{"line":1,"column":37},"end":{"line":1,"column":68}},"1":{"start":{"line":3,"column":0},"end":{"line":16,"column":2}},"2":{"start":{"line":4,"column":17},"end":{"line":4,"column":62}},"3":{"start":{"line":7,"column":4},"end":{"line":9,"column":5}},"4":{"start":{"line":8,"column":6},"end":{"line":8,"column":40}},"5":{"start":{"line":12,"column":4},"end":{"line":14,"column":5}},"6":{"start":{"line":13,"column":6},"end":{"line":13,"column":43}},"7":{"start":{"line":15,"column":2},"end":{"line":15,"column":16}}},"fnMap":{"0":{"name":"(anonymous_0)","decl":{"start":{"line":3,"column":17},"end":{"line":3,"column":18}},"loc":{"start":{"line":3,"column":44},"end":{"line":16,"column":1}},"line":3}},"branchMap":{"0":{"loc":{"start":{"line":7,"column":4},"end":{"line":9,"column":5}},"type":"if","locations":[{"start":{"line":7,"column":4},"end":{"line":9,"column":5}},{"start":{"line":7,"column":4},"end":{"line":9,"column":5}}],"line":7},"1":{"loc":{"start":{"line":12,"column":4},"end":{"line":14,"column":5}},"type":"if","locations":[{"start":{"line":12,"column":4},"end":{"line":14,"column":5}},{"start":{"line":12,"column":4},"end":{"line":14,"column":5}}],"line":12}},"s":{"0":0,"1":0,"2":0,"3":0,"4":0,"5":0,"6":0,"7":0},"f":{"0":0},"b":{"0":[0,0],"1":[0,0]}}
,"/Users/samsonyu/Documents/React Applications/react-native-Point-Of-Sale/components/Question.js": {"path":"/Users/samsonyu/Documents/React Applications/react-native-Point-Of-Sale/components/Question.js","statementMap":{"0":{"start":{"line":5,"column":17},"end":{"line":5,"column":57}},"1":{"start":{"line":9,"column":28},"end":{"line":9,"column":42}},"2":{"start":{"line":10,"column":19},"end":{"line":10,"column":33}},"3":{"start":{"line":12,"column":24},"end":{"line":47,"column":3}},"4":{"start":{"line":13,"column":4},"end":{"line":46,"column":5}},"5":{"start":{"line":14,"column":6},"end":{"line":22,"column":8}},"6":{"start":{"line":24,"column":21},"end":{"line":24,"column":23}},"7":{"start":{"line":26,"column":6},"end":{"line":43,"column":9}},"8":{"start":{"line":27,"column":18},"end":{"line":27,"column":43}},"9":{"start":{"line":29,"column":8},"end":{"line":36,"column":9}},"10":{"start":{"line":30,"column":21},"end":{"line":30,"column":41}},"11":{"start":{"line":31,"column":10},"end":{"line":35,"column":12}},"12":{"start":{"line":38,"column":8},"end":{"line":42,"column":10}},"13":{"start":{"line":45,"column":6},"end":{"line":45,"column":20}},"14":{"start":{"line":49,"column":4},"end":{"line":72,"column":6}},"15":{"start":{"line":60,"column":39},"end":{"line":60,"column":56}},"16":{"start":{"line":67,"column":26},"end":{"line":67,"column":49}},"17":{"start":{"line":76,"column":15},"end":{"line":88,"column":2}}},"fnMap":{"0":{"name":"Question","decl":{"start":{"line":7,"column":24},"end":{"line":7,"column":32}},"loc":{"start":{"line":7,"column":40},"end":{"line":74,"column":1}},"line":7},"1":{"name":"(anonymous_1)","decl":{"start":{"line":12,"column":24},"end":{"line":12,"column":25}},"loc":{"start":{"line":12,"column":38},"end":{"line":47,"column":3}},"line":12},"2":{"name":"(anonymous_2)","decl":{"start":{"line":26,"column":41},"end":{"line":26,"column":42}},"loc":{"start":{"line":26,"column":58},"end":{"line":43,"column":7}},"line":26},"3":{"name":"(anonymous_3)","decl":{"start":{"line":60,"column":20},"end":{"line":60,"column":21}},"loc":{"start":{"line":60,"column":39},"end":{"line":60,"column":56}},"line":60},"4":{"name":"(anonymous_4)","decl":{"start":{"line":67,"column":19},"end":{"line":67,"column":20}},"loc":{"start":{"line":67,"column":25},"end":{"line":67,"column":50}},"line":67}},"branchMap":{"0":{"loc":{"start":{"line":13,"column":4},"end":{"line":46,"column":5}},"type":"if","locations":[{"start":{"line":13,"column":4},"end":{"line":46,"column":5}},{"start":{"line":13,"column":4},"end":{"line":46,"column":5}}],"line":13},"1":{"loc":{"start":{"line":29,"column":8},"end":{"line":36,"column":9}},"type":"if","locations":[{"start":{"line":29,"column":8},"end":{"line":36,"column":9}},{"start":{"line":29,"column":8},"end":{"line":36,"column":9}}],"line":29}},"s":{"0":0,"1":0,"2":0,"3":0,"4":0,"5":0,"6":0,"7":0,"8":0,"9":0,"10":0,"11":0,"12":0,"13":0,"14":0,"15":0,"16":0,"17":0},"f":{"0":0,"1":0,"2":0,"3":0,"4":0},"b":{"0":[0,0],"1":[0,0]}}
,"/Users/samsonyu/Documents/React Applications/react-native-Point-Of-Sale/contexts/UserContext.js": {"path":"/Users/samsonyu/Documents/React Applications/react-native-Point-Of-Sale/contexts/UserContext.js","statementMap":{"0":{"start":{"line":3,"column":20},"end":{"line":11,"column":2}}},"fnMap":{},"branchMap":{},"s":{"0":1},"f":{},"b":{},"_coverageSchema":"1a1c01bbd47fc00a2c39e90264f33305004495a9","hash":"5c7ef34246ca40445f20762bdd99fa10074f3ad7"}
,"/Users/samsonyu/Documents/React Applications/react-native-Point-Of-Sale/models/ErrorResponse.js": {"path":"/Users/samsonyu/Documents/React Applications/react-native-Point-Of-Sale/models/ErrorResponse.js","statementMap":{},"fnMap":{},"branchMap":{},"s":{},"f":{},"b":{}}
,"/Users/samsonyu/Documents/React Applications/react-native-Point-Of-Sale/models/ItemPage.js": {"path":"/Users/samsonyu/Documents/React Applications/react-native-Point-Of-Sale/models/ItemPage.js","statementMap":{"0":{"start":{"line":3,"column":6},"end":{"line":13,"column":25}}},"fnMap":{"0":{"name":"(anonymous_0)","decl":{"start":{"line":2,"column":4},"end":{"line":2,"column":5}},"loc":{"start":{"line":2,"column":18},"end":{"line":14,"column":5}},"line":2}},"branchMap":{},"s":{"0":0},"f":{"0":0},"b":{}}
,"/Users/samsonyu/Documents/React Applications/react-native-Point-Of-Sale/models/MyPageable.js": {"path":"/Users/samsonyu/Documents/React Applications/react-native-Point-Of-Sale/models/MyPageable.js","statementMap":{"0":{"start":{"line":3,"column":6},"end":{"line":8,"column":27}}},"fnMap":{"0":{"name":"(anonymous_0)","decl":{"start":{"line":2,"column":4},"end":{"line":2,"column":5}},"loc":{"start":{"line":2,"column":18},"end":{"line":9,"column":5}},"line":2}},"branchMap":{},"s":{"0":0},"f":{"0":0},"b":{}}
,"/Users/samsonyu/Documents/React Applications/react-native-Point-Of-Sale/models/MySort.js": {"path":"/Users/samsonyu/Documents/React Applications/react-native-Point-Of-Sale/models/MySort.js","statementMap":{"0":{"start":{"line":3,"column":6},"end":{"line":5,"column":25}}},"fnMap":{"0":{"name":"(anonymous_0)","decl":{"start":{"line":2,"column":4},"end":{"line":2,"column":5}},"loc":{"start":{"line":2,"column":18},"end":{"line":6,"column":5}},"line":2}},"branchMap":{},"s":{"0":0},"f":{"0":0},"b":{}}
,"/Users/samsonyu/Documents/React Applications/react-native-Point-Of-Sale/models/Roles.js": {"path":"/Users/samsonyu/Documents/React Applications/react-native-Point-Of-Sale/models/Roles.js","statementMap":{},"fnMap":{},"branchMap":{},"s":{},"f":{},"b":{}}
,"/Users/samsonyu/Documents/React Applications/react-native-Point-Of-Sale/models/DTOs/ItemDTO.js": {"path":"/Users/samsonyu/Documents/React Applications/react-native-Point-Of-Sale/models/DTOs/ItemDTO.js","statementMap":{"0":{"start":{"line":3,"column":6},"end":{"line":19,"column":24}}},"fnMap":{"0":{"name":"(anonymous_0)","decl":{"start":{"line":2,"column":4},"end":{"line":2,"column":5}},"loc":{"start":{"line":2,"column":18},"end":{"line":20,"column":5}},"line":2}},"branchMap":{},"s":{"0":0},"f":{"0":0},"b":{}}
,"/Users/samsonyu/Documents/React Applications/react-native-Point-Of-Sale/models/DTOs/TokenResponseDTO.js": {"path":"/Users/samsonyu/Documents/React Applications/react-native-Point-Of-Sale/models/DTOs/TokenResponseDTO.js","statementMap":{"0":{"start":{"line":3,"column":6},"end":{"line":3,"column":22}}},"fnMap":{"0":{"name":"(anonymous_0)","decl":{"start":{"line":2,"column":4},"end":{"line":2,"column":5}},"loc":{"start":{"line":2,"column":18},"end":{"line":4,"column":5}},"line":2}},"branchMap":{},"s":{"0":0},"f":{"0":0},"b":{}}
,"/Users/samsonyu/Documents/React Applications/react-native-Point-Of-Sale/models/DTOs/UserDTO.js": {"path":"/Users/samsonyu/Documents/React Applications/react-native-Point-Of-Sale/models/DTOs/UserDTO.js","statementMap":{},"fnMap":{},"branchMap":{},"s":{},"f":{},"b":{}}
,"/Users/samsonyu/Documents/React Applications/react-native-Point-Of-Sale/models/VOs/ClientVO.js": {"path":"/Users/samsonyu/Documents/React Applications/react-native-Point-Of-Sale/models/VOs/ClientVO.js","statementMap":{},"fnMap":{},"branchMap":{},"s":{},"f":{},"b":{}}
,"/Users/samsonyu/Documents/React Applications/react-native-Point-Of-Sale/models/VOs/LoginVO.js": {"path":"/Users/samsonyu/Documents/React Applications/react-native-Point-Of-Sale/models/VOs/LoginVO.js","statementMap":{"0":{"start":{"line":3,"column":4},"end":{"line":5,"column":22}}},"fnMap":{"0":{"name":"(anonymous_0)","decl":{"start":{"line":2,"column":2},"end":{"line":2,"column":3}},"loc":{"start":{"line":2,"column":16},"end":{"line":6,"column":3}},"line":2}},"branchMap":{},"s":{"0":0},"f":{"0":0},"b":{}}
,"/Users/samsonyu/Documents/React Applications/react-native-Point-Of-Sale/models/VOs/TokenRequestVO.js": {"path":"/Users/samsonyu/Documents/React Applications/react-native-Point-Of-Sale/models/VOs/TokenRequestVO.js","statementMap":{"0":{"start":{"line":3,"column":6},"end":{"line":5,"column":148}}},"fnMap":{"0":{"name":"(anonymous_0)","decl":{"start":{"line":2,"column":4},"end":{"line":2,"column":5}},"loc":{"start":{"line":2,"column":18},"end":{"line":6,"column":5}},"line":2}},"branchMap":{},"s":{"0":0},"f":{"0":0},"b":{}}
,"/Users/samsonyu/Documents/React Applications/react-native-Point-Of-Sale/screens/ChangePassword.js": {"path":"/Users/samsonyu/Documents/React Applications/react-native-Point-Of-Sale/screens/ChangePassword.js","statementMap":{"0":{"start":{"line":23,"column":30},"end":{"line":23,"column":53}},"1":{"start":{"line":24,"column":42},"end":{"line":24,"column":54}},"2":{"start":{"line":25,"column":34},"end":{"line":25,"column":49}},"3":{"start":{"line":27,"column":19},"end":{"line":31,"column":5}},"4":{"start":{"line":28,"column":8},"end":{"line":28,"column":27}},"5":{"start":{"line":29,"column":8},"end":{"line":29,"column":25}},"6":{"start":{"line":33,"column":23},"end":{"line":35,"column":5}},"7":{"start":{"line":34,"column":8},"end":{"line":34,"column":26}},"8":{"start":{"line":37,"column":30},"end":{"line":64,"column":5}},"9":{"start":{"line":38,"column":26},"end":{"line":38,"column":95}},"10":{"start":{"line":39,"column":20},"end":{"line":39,"column":70}},"11":{"start":{"line":41,"column":20},"end":{"line":63,"column":14}},"12":{"start":{"line":48,"column":32},"end":{"line":48,"column":47}},"13":{"start":{"line":50,"column":16},"end":{"line":59,"column":17}},"14":{"start":{"line":51,"column":20},"end":{"line":51,"column":98}},"15":{"start":{"line":52,"column":23},"end":{"line":59,"column":17}},"16":{"start":{"line":53,"column":20},"end":{"line":53,"column":53}},"17":{"start":{"line":54,"column":20},"end":{"line":54,"column":41}},"18":{"start":{"line":55,"column":23},"end":{"line":59,"column":17}},"19":{"start":{"line":56,"column":20},"end":{"line":58,"column":22}},"20":{"start":{"line":62,"column":16},"end":{"line":62,"column":37}},"21":{"start":{"line":66,"column":4},"end":{"line":99,"column":6}},"22":{"start":{"line":74,"column":45},"end":{"line":74,"column":72}},"23":{"start":{"line":105,"column":15},"end":{"line":140,"column":2}}},"fnMap":{"0":{"name":"ChangePassword","decl":{"start":{"line":22,"column":9},"end":{"line":22,"column":23}},"loc":{"start":{"line":22,"column":31},"end":{"line":101,"column":1}},"line":22},"1":{"name":"(anonymous_1)","decl":{"start":{"line":27,"column":19},"end":{"line":27,"column":20}},"loc":{"start":{"line":27,"column":26},"end":{"line":31,"column":5}},"line":27},"2":{"name":"(anonymous_2)","decl":{"start":{"line":33,"column":23},"end":{"line":33,"column":24}},"loc":{"start":{"line":33,"column":29},"end":{"line":35,"column":5}},"line":33},"3":{"name":"(anonymous_3)","decl":{"start":{"line":37,"column":30},"end":{"line":37,"column":31}},"loc":{"start":{"line":37,"column":36},"end":{"line":64,"column":5}},"line":37},"4":{"name":"(anonymous_4)","decl":{"start":{"line":48,"column":18},"end":{"line":48,"column":19}},"loc":{"start":{"line":48,"column":32},"end":{"line":48,"column":47}},"line":48},"5":{"name":"(anonymous_5)","decl":{"start":{"line":49,"column":18},"end":{"line":49,"column":19}},"loc":{"start":{"line":49,"column":36},"end":{"line":60,"column":13}},"line":49},"6":{"name":"(anonymous_6)","decl":{"start":{"line":61,"column":19},"end":{"line":61,"column":20}},"loc":{"start":{"line":61,"column":30},"end":{"line":63,"column":13}},"line":61},"7":{"name":"(anonymous_7)","decl":{"start":{"line":74,"column":30},"end":{"line":74,"column":31}},"loc":{"start":{"line":74,"column":45},"end":{"line":74,"column":72}},"line":74}},"branchMap":{"0":{"loc":{"start":{"line":38,"column":26},"end":{"line":38,"column":95}},"type":"cond-expr","locations":[{"start":{"line":38,"column":52},"end":{"line":38,"column":90}},{"start":{"line":38,"column":93},"end":{"line":38,"column":95}}],"line":38},"1":{"loc":{"start":{"line":50,"column":16},"end":{"line":59,"column":17}},"type":"if","locations":[{"start":{"line":50,"column":16},"end":{"line":59,"column":17}},{"start":{"line":50,"column":16},"end":{"line":59,"column":17}}],"line":50},"2":{"loc":{"start":{"line":52,"column":23},"end":{"line":59,"column":17}},"type":"if","locations":[{"start":{"line":52,"column":23},"end":{"line":59,"column":17}},{"start":{"line":52,"column":23},"end":{"line":59,"column":17}}],"line":52},"3":{"loc":{"start":{"line":55,"column":23},"end":{"line":59,"column":17}},"type":"if","locations":[{"start":{"line":55,"column":23},"end":{"line":59,"column":17}},{"start":{"line":55,"column":23},"end":{"line":59,"column":17}}],"line":55}},"s":{"0":0,"1":0,"2":0,"3":0,"4":0,"5":0,"6":0,"7":0,"8":0,"9":0,"10":0,"11":0,"12":0,"13":0,"14":0,"15":0,"16":0,"17":0,"18":0,"19":0,"20":0,"21":0,"22":0,"23":0},"f":{"0":0,"1":0,"2":0,"3":0,"4":0,"5":0,"6":0,"7":0},"b":{"0":[0,0],"1":[0,0],"2":[0,0],"3":[0,0]}}
,"/Users/samsonyu/Documents/React Applications/react-native-Point-Of-Sale/screens/Dashboard.js": {"path":"/Users/samsonyu/Documents/React Applications/react-native-Point-Of-Sale/screens/Dashboard.js","statementMap":{"0":{"start":{"line":8,"column":28},"end":{"line":8,"column":39}},"1":{"start":{"line":9,"column":19},"end":{"line":13,"column":4}},"2":{"start":{"line":15,"column":25},"end":{"line":15,"column":57}},"3":{"start":{"line":15,"column":31},"end":{"line":15,"column":57}},"4":{"start":{"line":17,"column":30},"end":{"line":17,"column":67}},"5":{"start":{"line":17,"column":36},"end":{"line":17,"column":67}},"6":{"start":{"line":19,"column":22},"end":{"line":19,"column":51}},"7":{"start":{"line":19,"column":28},"end":{"line":19,"column":51}},"8":{"start":{"line":21,"column":22},"end":{"line":25,"column":4}},"9":{"start":{"line":27,"column":2},"end":{"line":33,"column":4}}},"fnMap":{"0":{"name":"Dashboard","decl":{"start":{"line":7,"column":9},"end":{"line":7,"column":18}},"loc":{"start":{"line":7,"column":26},"end":{"line":34,"column":1}},"line":7},"1":{"name":"(anonymous_1)","decl":{"start":{"line":15,"column":25},"end":{"line":15,"column":26}},"loc":{"start":{"line":15,"column":31},"end":{"line":15,"column":57}},"line":15},"2":{"name":"(anonymous_2)","decl":{"start":{"line":17,"column":30},"end":{"line":17,"column":31}},"loc":{"start":{"line":17,"column":36},"end":{"line":17,"column":67}},"line":17},"3":{"name":"(anonymous_3)","decl":{"start":{"line":19,"column":22},"end":{"line":19,"column":23}},"loc":{"start":{"line":19,"column":28},"end":{"line":19,"column":51}},"line":19}},"branchMap":{},"s":{"0":0,"1":0,"2":0,"3":0,"4":0,"5":0,"6":0,"7":0,"8":0,"9":0},"f":{"0":0,"1":0,"2":0,"3":0},"b":{}}
,"/Users/samsonyu/Documents/React Applications/react-native-Point-Of-Sale/screens/Inventory.js": {"path":"/Users/samsonyu/Documents/React Applications/react-native-Point-Of-Sale/screens/Inventory.js","statementMap":{"0":{"start":{"line":16,"column":28},"end":{"line":16,"column":51}},"1":{"start":{"line":17,"column":25},"end":{"line":17,"column":37}},"2":{"start":{"line":19,"column":17},"end":{"line":22,"column":3}},"3":{"start":{"line":20,"column":4},"end":{"line":20,"column":23}},"4":{"start":{"line":21,"column":4},"end":{"line":21,"column":16}},"5":{"start":{"line":24,"column":20},"end":{"line":51,"column":3}},"6":{"start":{"line":25,"column":22},"end":{"line":25,"column":91}},"7":{"start":{"line":26,"column":16},"end":{"line":26,"column":54}},"8":{"start":{"line":28,"column":16},"end":{"line":50,"column":8}},"9":{"start":{"line":35,"column":26},"end":{"line":35,"column":41}},"10":{"start":{"line":37,"column":8},"end":{"line":46,"column":9}},"11":{"start":{"line":38,"column":10},"end":{"line":38,"column":86}},"12":{"start":{"line":39,"column":15},"end":{"line":46,"column":9}},"13":{"start":{"line":40,"column":10},"end":{"line":40,"column":43}},"14":{"start":{"line":41,"column":10},"end":{"line":41,"column":31}},"15":{"start":{"line":42,"column":15},"end":{"line":46,"column":9}},"16":{"start":{"line":43,"column":10},"end":{"line":45,"column":12}},"17":{"start":{"line":49,"column":8},"end":{"line":49,"column":29}},"18":{"start":{"line":53,"column":4},"end":{"line":71,"column":6}},"19":{"start":{"line":61,"column":31},"end":{"line":61,"column":42}},"20":{"start":{"line":77,"column":15},"end":{"line":104,"column":2}}},"fnMap":{"0":{"name":"Inventory","decl":{"start":{"line":15,"column":9},"end":{"line":15,"column":18}},"loc":{"start":{"line":15,"column":26},"end":{"line":73,"column":1}},"line":15},"1":{"name":"(anonymous_1)","decl":{"start":{"line":19,"column":17},"end":{"line":19,"column":18}},"loc":{"start":{"line":19,"column":24},"end":{"line":22,"column":3}},"line":19},"2":{"name":"(anonymous_2)","decl":{"start":{"line":24,"column":20},"end":{"line":24,"column":21}},"loc":{"start":{"line":24,"column":26},"end":{"line":51,"column":3}},"line":24},"3":{"name":"(anonymous_3)","decl":{"start":{"line":35,"column":12},"end":{"line":35,"column":13}},"loc":{"start":{"line":35,"column":26},"end":{"line":35,"column":41}},"line":35},"4":{"name":"(anonymous_4)","decl":{"start":{"line":36,"column":12},"end":{"line":36,"column":13}},"loc":{"start":{"line":36,"column":30},"end":{"line":47,"column":7}},"line":36},"5":{"name":"(anonymous_5)","decl":{"start":{"line":48,"column":13},"end":{"line":48,"column":14}},"loc":{"start":{"line":48,"column":24},"end":{"line":50,"column":7}},"line":48},"6":{"name":"(anonymous_6)","decl":{"start":{"line":61,"column":24},"end":{"line":61,"column":25}},"loc":{"start":{"line":61,"column":31},"end":{"line":61,"column":42}},"line":61}},"branchMap":{"0":{"loc":{"start":{"line":25,"column":22},"end":{"line":25,"column":91}},"type":"cond-expr","locations":[{"start":{"line":25,"column":48},"end":{"line":25,"column":86}},{"start":{"line":25,"column":89},"end":{"line":25,"column":91}}],"line":25},"1":{"loc":{"start":{"line":37,"column":8},"end":{"line":46,"column":9}},"type":"if","locations":[{"start":{"line":37,"column":8},"end":{"line":46,"column":9}},{"start":{"line":37,"column":8},"end":{"line":46,"column":9}}],"line":37},"2":{"loc":{"start":{"line":39,"column":15},"end":{"line":46,"column":9}},"type":"if","locations":[{"start":{"line":39,"column":15},"end":{"line":46,"column":9}},{"start":{"line":39,"column":15},"end":{"line":46,"column":9}}],"line":39},"3":{"loc":{"start":{"line":42,"column":15},"end":{"line":46,"column":9}},"type":"if","locations":[{"start":{"line":42,"column":15},"end":{"line":46,"column":9}},{"start":{"line":42,"column":15},"end":{"line":46,"column":9}}],"line":42}},"s":{"0":4,"1":4,"2":4,"3":0,"4":0,"5":4,"6":0,"7":0,"8":0,"9":0,"10":0,"11":0,"12":0,"13":0,"14":0,"15":0,"16":0,"17":0,"18":4,"19":0,"20":1},"f":{"0":4,"1":0,"2":0,"3":0,"4":0,"5":0,"6":0},"b":{"0":[0,0],"1":[0,0],"2":[0,0],"3":[0,0]},"_coverageSchema":"1a1c01bbd47fc00a2c39e90264f33305004495a9","hash":"885be0aabe32de3d3c904036917d3a88f069ceca"}
,"/Users/samsonyu/Documents/React Applications/react-native-Point-Of-Sale/screens/Item.js": {"path":"/Users/samsonyu/Documents/React Applications/react-native-Point-Of-Sale/screens/Item.js","statementMap":{"0":{"start":{"line":22,"column":28},"end":{"line":22,"column":51}},"1":{"start":{"line":23,"column":24},"end":{"line":23,"column":36}},"2":{"start":{"line":24,"column":36},"end":{"line":24,"column":51}},"3":{"start":{"line":25,"column":22},"end":{"line":25,"column":40}},"4":{"start":{"line":27,"column":17},"end":{"line":35,"column":3}},"5":{"start":{"line":28,"column":4},"end":{"line":28,"column":23}},"6":{"start":{"line":29,"column":4},"end":{"line":33,"column":5}},"7":{"start":{"line":30,"column":6},"end":{"line":30,"column":31}},"8":{"start":{"line":32,"column":6},"end":{"line":32,"column":25}},"9":{"start":{"line":37,"column":2},"end":{"line":98,"column":4}},"10":{"start":{"line":71,"column":31},"end":{"line":71,"column":42}},"11":{"start":{"line":104,"column":15},"end":{"line":164,"column":2}}},"fnMap":{"0":{"name":"Item","decl":{"start":{"line":21,"column":9},"end":{"line":21,"column":13}},"loc":{"start":{"line":21,"column":21},"end":{"line":100,"column":1}},"line":21},"1":{"name":"(anonymous_1)","decl":{"start":{"line":27,"column":17},"end":{"line":27,"column":18}},"loc":{"start":{"line":27,"column":24},"end":{"line":35,"column":3}},"line":27},"2":{"name":"(anonymous_2)","decl":{"start":{"line":71,"column":24},"end":{"line":71,"column":25}},"loc":{"start":{"line":71,"column":31},"end":{"line":71,"column":42}},"line":71}},"branchMap":{"0":{"loc":{"start":{"line":29,"column":4},"end":{"line":33,"column":5}},"type":"if","locations":[{"start":{"line":29,"column":4},"end":{"line":33,"column":5}},{"start":{"line":29,"column":4},"end":{"line":33,"column":5}}],"line":29},"1":{"loc":{"start":{"line":63,"column":9},"end":{"line":64,"column":71}},"type":"binary-expr","locations":[{"start":{"line":63,"column":9},"end":{"line":63,"column":18}},{"start":{"line":64,"column":10},"end":{"line":64,"column":71}}],"line":63},"2":{"loc":{"start":{"line":89,"column":16},"end":{"line":89,"column":47}},"type":"cond-expr","locations":[{"start":{"line":89,"column":40},"end":{"line":89,"column":42}},{"start":{"line":89,"column":45},"end":{"line":89,"column":47}}],"line":89},"3":{"loc":{"start":{"line":114,"column":11},"end":{"line":114,"column":51}},"type":"cond-expr","locations":[{"start":{"line":114,"column":37},"end":{"line":114,"column":43}},{"start":{"line":114,"column":46},"end":{"line":114,"column":51}}],"line":114},"4":{"loc":{"start":{"line":116,"column":19},"end":{"line":116,"column":61}},"type":"cond-expr","locations":[{"start":{"line":116,"column":45},"end":{"line":116,"column":50}},{"start":{"line":116,"column":53},"end":{"line":116,"column":61}}],"line":116},"5":{"loc":{"start":{"line":120,"column":15},"end":{"line":120,"column":56}},"type":"cond-expr","locations":[{"start":{"line":120,"column":41},"end":{"line":120,"column":52}},{"start":{"line":120,"column":55},"end":{"line":120,"column":56}}],"line":120},"6":{"loc":{"start":{"line":124,"column":17},"end":{"line":124,"column":59}},"type":"cond-expr","locations":[{"start":{"line":124,"column":43},"end":{"line":124,"column":55}},{"start":{"line":124,"column":58},"end":{"line":124,"column":59}}],"line":124},"7":{"loc":{"start":{"line":128,"column":14},"end":{"line":128,"column":65}},"type":"cond-expr","locations":[{"start":{"line":128,"column":40},"end":{"line":128,"column":51}},{"start":{"line":128,"column":54},"end":{"line":128,"column":65}}],"line":128},"8":{"loc":{"start":{"line":135,"column":14},"end":{"line":135,"column":65}},"type":"cond-expr","locations":[{"start":{"line":135,"column":40},"end":{"line":135,"column":51}},{"start":{"line":135,"column":54},"end":{"line":135,"column":65}}],"line":135},"9":{"loc":{"start":{"line":142,"column":11},"end":{"line":142,"column":46}},"type":"cond-expr","locations":[{"start":{"line":142,"column":37},"end":{"line":142,"column":40}},{"start":{"line":142,"column":43},"end":{"line":142,"column":46}}],"line":142},"10":{"loc":{"start":{"line":144,"column":14},"end":{"line":144,"column":65}},"type":"cond-expr","locations":[{"start":{"line":144,"column":40},"end":{"line":144,"column":51}},{"start":{"line":144,"column":54},"end":{"line":144,"column":65}}],"line":144},"11":{"loc":{"start":{"line":153,"column":11},"end":{"line":153,"column":46}},"type":"cond-expr","locations":[{"start":{"line":153,"column":37},"end":{"line":153,"column":40}},{"start":{"line":153,"column":43},"end":{"line":153,"column":46}}],"line":153},"12":{"loc":{"start":{"line":155,"column":14},"end":{"line":155,"column":65}},"type":"cond-expr","locations":[{"start":{"line":155,"column":40},"end":{"line":155,"column":51}},{"start":{"line":155,"column":54},"end":{"line":155,"column":65}}],"line":155}},"s":{"0":0,"1":0,"2":0,"3":0,"4":0,"5":0,"6":0,"7":0,"8":0,"9":0,"10":0,"11":1},"f":{"0":0,"1":0,"2":0},"b":{"0":[0,0],"1":[0,0],"2":[0,0],"3":[0,1],"4":[0,1],"5":[0,1],"6":[0,1],"7":[0,1],"8":[0,1],"9":[0,1],"10":[0,1],"11":[0,1],"12":[0,1]},"_coverageSchema":"1a1c01bbd47fc00a2c39e90264f33305004495a9","hash":"c39504e58a90feafdb7790bef6384d190b63032b"}
,"/Users/samsonyu/Documents/React Applications/react-native-Point-Of-Sale/screens/Login.js": {"path":"/Users/samsonyu/Documents/React Applications/react-native-Point-Of-Sale/screens/Login.js","statementMap":{"0":{"start":{"line":37,"column":28},"end":{"line":37,"column":51}},"1":{"start":{"line":38,"column":34},"end":{"line":38,"column":46}},"2":{"start":{"line":39,"column":34},"end":{"line":39,"column":46}},"3":{"start":{"line":40,"column":46},"end":{"line":40,"column":58}},"4":{"start":{"line":41,"column":32},"end":{"line":41,"column":47}},"5":{"start":{"line":42,"column":16},"end":{"line":42,"column":29}},"6":{"start":{"line":43,"column":25},"end":{"line":43,"column":47}},"7":{"start":{"line":44,"column":27},"end":{"line":44,"column":60}},"8":{"start":{"line":46,"column":2},"end":{"line":48,"column":5}},"9":{"start":{"line":47,"column":4},"end":{"line":47,"column":12}},"10":{"start":{"line":50,"column":17},"end":{"line":56,"column":3}},"11":{"start":{"line":51,"column":4},"end":{"line":51,"column":23}},"12":{"start":{"line":52,"column":4},"end":{"line":52,"column":32}},"13":{"start":{"line":53,"column":4},"end":{"line":53,"column":31}},"14":{"start":{"line":54,"column":4},"end":{"line":54,"column":13}},"15":{"start":{"line":58,"column":21},"end":{"line":61,"column":3}},"16":{"start":{"line":59,"column":4},"end":{"line":59,"column":22}},"17":{"start":{"line":60,"column":4},"end":{"line":60,"column":43}},"18":{"start":{"line":63,"column":16},"end":{"line":73,"column":3}},"19":{"start":{"line":64,"column":25},"end":{"line":64,"column":45}},"20":{"start":{"line":65,"column":22},"end":{"line":65,"column":91}},"21":{"start":{"line":66,"column":16},"end":{"line":66,"column":44}},"22":{"start":{"line":68,"column":4},"end":{"line":72,"column":55}},"23":{"start":{"line":70,"column":8},"end":{"line":70,"column":41}},"24":{"start":{"line":72,"column":18},"end":{"line":72,"column":53}},"25":{"start":{"line":75,"column":17},"end":{"line":107,"column":3}},"26":{"start":{"line":76,"column":22},"end":{"line":76,"column":91}},"27":{"start":{"line":77,"column":16},"end":{"line":77,"column":50}},"28":{"start":{"line":79,"column":16},"end":{"line":106,"column":8}},"29":{"start":{"line":87,"column":26},"end":{"line":87,"column":41}},"30":{"start":{"line":89,"column":8},"end":{"line":89,"column":34}},"31":{"start":{"line":90,"column":8},"end":{"line":102,"column":9}},"32":{"start":{"line":91,"column":10},"end":{"line":91,"column":43}},"33":{"start":{"line":92,"column":10},"end":{"line":92,"column":42}},"34":{"start":{"line":93,"column":10},"end":{"line":93,"column":42}},"35":{"start":{"line":94,"column":10},"end":{"line":94,"column":27}},"36":{"start":{"line":95,"column":15},"end":{"line":102,"column":9}},"37":{"start":{"line":96,"column":10},"end":{"line":96,"column":43}},"38":{"start":{"line":97,"column":10},"end":{"line":97,"column":31}},"39":{"start":{"line":98,"column":15},"end":{"line":102,"column":9}},"40":{"start":{"line":99,"column":10},"end":{"line":101,"column":12}},"41":{"start":{"line":105,"column":8},"end":{"line":105,"column":29}},"42":{"start":{"line":109,"column":2},"end":{"line":178,"column":4}},"43":{"start":{"line":122,"column":34},"end":{"line":122,"column":55}},"44":{"start":{"line":136,"column":20},"end":{"line":136,"column":22}},"45":{"start":{"line":137,"column":10},"end":{"line":141,"column":11}},"46":{"start":{"line":138,"column":12},"end":{"line":138,"column":71}},"47":{"start":{"line":140,"column":12},"end":{"line":140,"column":40}},"48":{"start":{"line":142,"column":10},"end":{"line":142,"column":70}},"49":{"start":{"line":143,"column":10},"end":{"line":143,"column":27}},"50":{"start":{"line":184,"column":15},"end":{"line":227,"column":2}}},"fnMap":{"0":{"name":"Login","decl":{"start":{"line":36,"column":9},"end":{"line":36,"column":14}},"loc":{"start":{"line":36,"column":22},"end":{"line":180,"column":1}},"line":36},"1":{"name":"(anonymous_1)","decl":{"start":{"line":46,"column":12},"end":{"line":46,"column":13}},"loc":{"start":{"line":46,"column":18},"end":{"line":48,"column":3}},"line":46},"2":{"name":"(anonymous_2)","decl":{"start":{"line":50,"column":17},"end":{"line":50,"column":18}},"loc":{"start":{"line":50,"column":24},"end":{"line":56,"column":3}},"line":50},"3":{"name":"(anonymous_3)","decl":{"start":{"line":58,"column":21},"end":{"line":58,"column":22}},"loc":{"start":{"line":58,"column":27},"end":{"line":61,"column":3}},"line":58},"4":{"name":"(anonymous_4)","decl":{"start":{"line":63,"column":16},"end":{"line":63,"column":17}},"loc":{"start":{"line":63,"column":22},"end":{"line":73,"column":3}},"line":63},"5":{"name":"(anonymous_5)","decl":{"start":{"line":69,"column":12},"end":{"line":69,"column":13}},"loc":{"start":{"line":69,"column":24},"end":{"line":71,"column":7}},"line":69},"6":{"name":"(anonymous_6)","decl":{"start":{"line":72,"column":13},"end":{"line":72,"column":14}},"loc":{"start":{"line":72,"column":18},"end":{"line":72,"column":53}},"line":72},"7":{"name":"(anonymous_7)","decl":{"start":{"line":75,"column":17},"end":{"line":75,"column":18}},"loc":{"start":{"line":75,"column":23},"end":{"line":107,"column":3}},"line":75},"8":{"name":"(anonymous_8)","decl":{"start":{"line":87,"column":12},"end":{"line":87,"column":13}},"loc":{"start":{"line":87,"column":26},"end":{"line":87,"column":41}},"line":87},"9":{"name":"(anonymous_9)","decl":{"start":{"line":88,"column":12},"end":{"line":88,"column":13}},"loc":{"start":{"line":88,"column":30},"end":{"line":103,"column":7}},"line":88},"10":{"name":"(anonymous_10)","decl":{"start":{"line":104,"column":13},"end":{"line":104,"column":14}},"loc":{"start":{"line":104,"column":24},"end":{"line":106,"column":7}},"line":104},"11":{"name":"(anonymous_11)","decl":{"start":{"line":122,"column":22},"end":{"line":122,"column":23}},"loc":{"start":{"line":122,"column":34},"end":{"line":122,"column":55}},"line":122},"12":{"name":"(anonymous_12)","decl":{"start":{"line":135,"column":22},"end":{"line":135,"column":23}},"loc":{"start":{"line":135,"column":40},"end":{"line":144,"column":9}},"line":135}},"branchMap":{"0":{"loc":{"start":{"line":65,"column":22},"end":{"line":65,"column":91}},"type":"cond-expr","locations":[{"start":{"line":65,"column":48},"end":{"line":65,"column":86}},{"start":{"line":65,"column":89},"end":{"line":65,"column":91}}],"line":65},"1":{"loc":{"start":{"line":76,"column":22},"end":{"line":76,"column":91}},"type":"cond-expr","locations":[{"start":{"line":76,"column":48},"end":{"line":76,"column":86}},{"start":{"line":76,"column":89},"end":{"line":76,"column":91}}],"line":76},"2":{"loc":{"start":{"line":90,"column":8},"end":{"line":102,"column":9}},"type":"if","locations":[{"start":{"line":90,"column":8},"end":{"line":102,"column":9}},{"start":{"line":90,"column":8},"end":{"line":102,"column":9}}],"line":90},"3":{"loc":{"start":{"line":95,"column":15},"end":{"line":102,"column":9}},"type":"if","locations":[{"start":{"line":95,"column":15},"end":{"line":102,"column":9}},{"start":{"line":95,"column":15},"end":{"line":102,"column":9}}],"line":95},"4":{"loc":{"start":{"line":98,"column":15},"end":{"line":102,"column":9}},"type":"if","locations":[{"start":{"line":98,"column":15},"end":{"line":102,"column":9}},{"start":{"line":98,"column":15},"end":{"line":102,"column":9}}],"line":98},"5":{"loc":{"start":{"line":137,"column":10},"end":{"line":141,"column":11}},"type":"if","locations":[{"start":{"line":137,"column":10},"end":{"line":141,"column":11}},{"start":{"line":137,"column":10},"end":{"line":141,"column":11}}],"line":137}},"s":{"0":0,"1":0,"2":0,"3":0,"4":0,"5":0,"6":0,"7":0,"8":0,"9":0,"10":0,"11":0,"12":0,"13":0,"14":0,"15":0,"16":0,"17":0,"18":0,"19":0,"20":0,"21":0,"22":0,"23":0,"24":0,"25":0,"26":0,"27":0,"28":0,"29":0,"30":0,"31":0,"32":0,"33":0,"34":0,"35":0,"36":0,"37":0,"38":0,"39":0,"40":0,"41":0,"42":0,"43":0,"44":0,"45":0,"46":0,"47":0,"48":0,"49":0,"50":0},"f":{"0":0,"1":0,"2":0,"3":0,"4":0,"5":0,"6":0,"7":0,"8":0,"9":0,"10":0,"11":0,"12":0},"b":{"0":[0,0],"1":[0,0],"2":[0,0],"3":[0,0],"4":[0,0],"5":[0,0]}}
,"/Users/samsonyu/Documents/React Applications/react-native-Point-Of-Sale/screens/Logout.js": {"path":"/Users/samsonyu/Documents/React Applications/react-native-Point-Of-Sale/screens/Logout.js","statementMap":{"0":{"start":{"line":16,"column":28},"end":{"line":16,"column":51}},"1":{"start":{"line":18,"column":17},"end":{"line":24,"column":3}},"2":{"start":{"line":19,"column":4},"end":{"line":19,"column":23}},"3":{"start":{"line":20,"column":4},"end":{"line":20,"column":23}},"4":{"start":{"line":21,"column":4},"end":{"line":21,"column":23}},"5":{"start":{"line":22,"column":4},"end":{"line":22,"column":20}},"6":{"start":{"line":23,"column":4},"end":{"line":23,"column":45}},"7":{"start":{"line":26,"column":2},"end":{"line":36,"column":4}},"8":{"start":{"line":42,"column":15},"end":{"line":69,"column":2}}},"fnMap":{"0":{"name":"Logout","decl":{"start":{"line":15,"column":9},"end":{"line":15,"column":15}},"loc":{"start":{"line":15,"column":23},"end":{"line":38,"column":1}},"line":15},"1":{"name":"(anonymous_1)","decl":{"start":{"line":18,"column":17},"end":{"line":18,"column":18}},"loc":{"start":{"line":18,"column":24},"end":{"line":24,"column":3}},"line":18}},"branchMap":{},"s":{"0":0,"1":0,"2":0,"3":0,"4":0,"5":0,"6":0,"7":0,"8":0},"f":{"0":0,"1":0},"b":{}}
}
